Determining if the pthread_create exist failed with the following output:
Change Dir: /home/minht57/CDS/CDS_R1_TSR/build/CMakeFiles/CMakeTmp

Run Build Command:"/usr/bin/make" "cmTC_b85f8/fast"
/usr/bin/make -f CMakeFiles/cmTC_b85f8.dir/build.make CMakeFiles/cmTC_b85f8.dir/build
make[1]: Entering directory '/home/minht57/CDS/CDS_R1_TSR/build/CMakeFiles/CMakeTmp'
Building C object CMakeFiles/cmTC_b85f8.dir/CheckSymbolExists.c.o
/usr/bin/cc     -o CMakeFiles/cmTC_b85f8.dir/CheckSymbolExists.c.o   -c /home/minht57/CDS/CDS_R1_TSR/build/CMakeFiles/CMakeTmp/CheckSymbolExists.c
Linking C executable cmTC_b85f8
/usr/bin/cmake -E cmake_link_script CMakeFiles/cmTC_b85f8.dir/link.txt --verbose=1
/usr/bin/cc       CMakeFiles/cmTC_b85f8.dir/CheckSymbolExists.c.o  -o cmTC_b85f8 -rdynamic 
CMakeFiles/cmTC_b85f8.dir/CheckSymbolExists.c.o: In function `main':
CheckSymbolExists.c:(.text+0x16): undefined reference to `pthread_create'
collect2: error: ld returned 1 exit status
CMakeFiles/cmTC_b85f8.dir/build.make:97: recipe for target 'cmTC_b85f8' failed
make[1]: *** [cmTC_b85f8] Error 1
make[1]: Leaving directory '/home/minht57/CDS/CDS_R1_TSR/build/CMakeFiles/CMakeTmp'
Makefile:126: recipe for target 'cmTC_b85f8/fast' failed
make: *** [cmTC_b85f8/fast] Error 2

File /home/minht57/CDS/CDS_R1_TSR/build/CMakeFiles/CMakeTmp/CheckSymbolExists.c:
/* */
#include <pthread.h>

int main(int argc, char** argv)
{
  (void)argv;
#ifndef pthread_create
  return ((int*)(&pthread_create))[argc];
#else
  (void)argc;
  return 0;
#endif
}

Determining if the function pthread_create exists in the pthreads failed with the following output:
Change Dir: /home/minht57/CDS/CDS_R1_TSR/build/CMakeFiles/CMakeTmp

Run Build Command:"/usr/bin/make" "cmTC_10e1b/fast"
/usr/bin/make -f CMakeFiles/cmTC_10e1b.dir/build.make CMakeFiles/cmTC_10e1b.dir/build
make[1]: Entering directory '/home/minht57/CDS/CDS_R1_TSR/build/CMakeFiles/CMakeTmp'
Building C object CMakeFiles/cmTC_10e1b.dir/CheckFunctionExists.c.o
/usr/bin/cc    -DCHECK_FUNCTION_EXISTS=pthread_create   -o CMakeFiles/cmTC_10e1b.dir/CheckFunctionExists.c.o   -c /usr/share/cmake-3.5/Modules/CheckFunctionExists.c
Linking C executable cmTC_10e1b
/usr/bin/cmake -E cmake_link_script CMakeFiles/cmTC_10e1b.dir/link.txt --verbose=1
/usr/bin/cc   -DCHECK_FUNCTION_EXISTS=pthread_create    CMakeFiles/cmTC_10e1b.dir/CheckFunctionExists.c.o  -o cmTC_10e1b -rdynamic -lpthreads 
/usr/bin/ld: cannot find -lpthreads
collect2: error: ld returned 1 exit status
CMakeFiles/cmTC_10e1b.dir/build.make:97: recipe for target 'cmTC_10e1b' failed
make[1]: *** [cmTC_10e1b] Error 1
make[1]: Leaving directory '/home/minht57/CDS/CDS_R1_TSR/build/CMakeFiles/CMakeTmp'
Makefile:126: recipe for target 'cmTC_10e1b/fast' failed
make: *** [cmTC_10e1b/fast] Error 2


Determining if the function sgesv exists failed with the following output:
Change Dir: /home/minht57/CDS/CDS_R1_TSR/build/CMakeFiles/CMakeTmp

Run Build Command:"/usr/bin/make" "cmTC_03cca/fast"
/usr/bin/make -f CMakeFiles/cmTC_03cca.dir/build.make CMakeFiles/cmTC_03cca.dir/build
make[1]: Entering directory '/home/minht57/CDS/CDS_R1_TSR/build/CMakeFiles/CMakeTmp'
Building C object CMakeFiles/cmTC_03cca.dir/CheckFunctionExists.c.o
/usr/bin/cc    -DCHECK_FUNCTION_EXISTS=sgesv   -o CMakeFiles/cmTC_03cca.dir/CheckFunctionExists.c.o   -c /usr/share/cmake-3.5/Modules/CheckFunctionExists.c
Linking C executable cmTC_03cca
/usr/bin/cmake -E cmake_link_script CMakeFiles/cmTC_03cca.dir/link.txt --verbose=1
/usr/bin/cc   -DCHECK_FUNCTION_EXISTS=sgesv    CMakeFiles/cmTC_03cca.dir/CheckFunctionExists.c.o  -o cmTC_03cca -rdynamic /usr/lib/liblapack.so 
CMakeFiles/cmTC_03cca.dir/CheckFunctionExists.c.o: In function `main':
CheckFunctionExists.c:(.text+0x15): undefined reference to `sgesv'
collect2: error: ld returned 1 exit status
CMakeFiles/cmTC_03cca.dir/build.make:98: recipe for target 'cmTC_03cca' failed
make[1]: *** [cmTC_03cca] Error 1
make[1]: Leaving directory '/home/minht57/CDS/CDS_R1_TSR/build/CMakeFiles/CMakeTmp'
Makefile:126: recipe for target 'cmTC_03cca/fast' failed
make: *** [cmTC_03cca/fast] Error 2


